  main.cpp
C:\Users\GRIGS\Documents\PGKPI\PRG\Knowledge_Check\sprint-eschool-knowledge-check\KnowledgeCheck\lib\tests.h(75,12): warning C4244: 'argument': conversion from 'time_t' to 'unsigned int', possible loss of data
  (compiling source file 'src/main.cpp')
  
C:\Users\GRIGS\Documents\PGKPI\PRG\Knowledge_Check\sprint-eschool-knowledge-check\KnowledgeCheck\lib\tests.h(97,12): error C3861: 'physics_quest': identifier not found
  (compiling source file 'src/main.cpp')
  
C:\Users\GRIGS\Documents\PGKPI\PRG\Knowledge_Check\sprint-eschool-knowledge-check\KnowledgeCheck\lib\tests.h(99,12): error C3861: 'js_html_quest': identifier not found
  (compiling source file 'src/main.cpp')
  
C:\Users\GRIGS\Documents\PGKPI\PRG\Knowledge_Check\sprint-eschool-knowledge-check\KnowledgeCheck\lib\tests.h(101,12): error C3861: 'german_quest': identifier not found
  (compiling source file 'src/main.cpp')
  
C:\Users\GRIGS\Documents\PGKPI\PRG\Knowledge_Check\sprint-eschool-knowledge-check\KnowledgeCheck\lib\tests.h(103,12): error C3861: 'lit_quest': identifier not found
  (compiling source file 'src/main.cpp')
  
C:\Users\GRIGS\Documents\PGKPI\PRG\Knowledge_Check\sprint-eschool-knowledge-check\KnowledgeCheck\lib\tests.h(105,12): error C3861: 'psychology_quest': identifier not found
  (compiling source file 'src/main.cpp')
  
C:\Users\GRIGS\Documents\PGKPI\PRG\Knowledge_Check\sprint-eschool-knowledge-check\KnowledgeCheck\lib\tests.h(107,12): error C3861: 'history_quest': identifier not found
  (compiling source file 'src/main.cpp')
  
C:\Users\GRIGS\Documents\PGKPI\PRG\Knowledge_Check\sprint-eschool-knowledge-check\KnowledgeCheck\lib\tests.h(109,12): error C3861: 'geography_quest': identifier not found
  (compiling source file 'src/main.cpp')
  
C:\Users\GRIGS\Documents\PGKPI\PRG\Knowledge_Check\sprint-eschool-knowledge-check\KnowledgeCheck\lib\tests.h(111,13): error C3861: 'english_quest': identifier not found
  (compiling source file 'src/main.cpp')
  
